(1) !B (Не доказано)
(2) (!B)->(((A->B))->(!B)) (Сх. акс. 1)
(3) (A->B)->(!B) (M.P. 2,1)
(4) ((A->B)->((A->!B)->!A)) (Сх. акс. 9)
(5) (((A->B)->((A->!B)->!A)))->(((A->B))->(((A->B)->((A->!B)->!A)))) (Сх. акс. 1)
(6) (A->B)->(((A->B)->((A->!B)->!A))) (M.P. 5,4)
(7) (((A->B)->((A->!B)->!A))->(!B->((A->B)->((A->!B)->!A)))) (Сх. акс. 1)
(8) ((((A->B)->((A->!B)->!A))->(!B->((A->B)->((A->!B)->!A)))))->(((A->B))->((((A->B)->((A->!B)->!A))->(!B->((A->B)->((A->!B)->!A)))))) (Сх. акс. 1)
(9) (A->B)->((((A->B)->((A->!B)->!A))->(!B->((A->B)->((A->!B)->!A))))) (M.P. 8,7)
(10) ((A->B)->((A->B)->((A->!B)->!A)))->(((A->B)->(((A->B)->((A->!B)->!A))->(!B->((A->B)->((A->!B)->!A)))))->((A->B)->(!B->((A->B)->((A->!B)->!A))))) (Сх. акс. 2)
(11) ((A->B)->((((A->B)->((A->!B)->!A))->(!B->((A->B)->((A->!B)->!A))))))->((A->B)->(!B->((A->B)->((A->!B)->!A)))) (M.P. 10,6)
(12) (A->B)->((!B->((A->B)->((A->!B)->!A)))) (M.P. 11,9)
(13) (A->B)->((A->B)->(A->B)) (Сх. акс. 1)
(14) ((A->B)->((A->B)->(A->B)))->((A->B)->(((A->B)->(A->B))->(A->B)))->((A->B)->(A->B)) (Сх. акс. 2)
(15) ((A->B)->(((A->B)->(A->B))->(A->B)))->((A->B)->(A->B)) (M.P. 14,13)
(16) ((A->B)->(((A->B)->(A->B))->(A->B))) (Сх. акс. 1)
(17) (A->B)->((A->B)) (M.P. 15,16)
(18) ((A->B)->(!B->(A->B))) (Сх. акс. 1)
(19) (((A->B)->(!B->(A->B))))->(((A->B))->(((A->B)->(!B->(A->B))))) (Сх. акс. 1)
(20) (A->B)->(((A->B)->(!B->(A->B)))) (M.P. 19,18)
(21) ((A->B)->(A->B))->(((A->B)->((A->B)->(!B->(A->B))))->((A->B)->(!B->(A->B)))) (Сх. акс. 2)
(22) ((A->B)->(((A->B)->(!B->(A->B)))))->((A->B)->(!B->(A->B))) (M.P. 21,17)
(23) (A->B)->((!B->(A->B))) (Сх. акс. 1)
(24) ((!B->(A->B))->((!B->((A->B)->((A->!B)->!A)))->(!B->((A->!B)->!A)))) (Сх. акс. 2)
(25) (((!B->(A->B))->((!B->((A->B)->((A->!B)->!A)))->(!B->((A->!B)->!A)))))->(((A->B))->(((!B->(A->B))->((!B->((A->B)->((A->!B)->!A)))->(!B->((A->!B)->!A)))))) (Сх. акс. 1)
(26) (A->B)->(((!B->(A->B))->((!B->((A->B)->((A->!B)->!A)))->(!B->((A->!B)->!A))))) (M.P. 25,24)
(27) ((A->B)->(!B->(A->B)))->(((A->B)->((!B->(A->B))->((!B->((A->B)->((A->!B)->!A)))->(!B->((A->!B)->!A)))))->((A->B)->((!B->((A->B)->((A->!B)->!A)))->(!B->((A->!B)->!A))))) (Сх. акс. 2)
(28) ((A->B)->(((!B->(A->B))->((!B->((A->B)->((A->!B)->!A)))->(!B->((A->!B)->!A))))))->((A->B)->((!B->((A->B)->((A->!B)->!A)))->(!B->((A->!B)->!A)))) (M.P. 27,23)
(29) (A->B)->(((!B->((A->B)->((A->!B)->!A)))->(!B->((A->!B)->!A)))) (M.P. 28,26)
(30) ((A->B)->(!B->((A->B)->((A->!B)->!A))))->(((A->B)->((!B->((A->B)->((A->!B)->!A)))->(!B->((A->!B)->!A))))->((A->B)->(!B->((A->!B)->!A)))) (Сх. акс. 2)
(31) ((A->B)->(((!B->((A->B)->((A->!B)->!A)))->(!B->((A->!B)->!A)))))->((A->B)->(!B->((A->!B)->!A))) (M.P. 30,12)
(32) (A->B)->((!B->((A->!B)->!A))) (M.P. 7,4)
(33) (!B->(A->!B)) (Сх. акс. 1)
(34) ((!B->(A->!B)))->(((A->B))->((!B->(A->!B)))) (Сх. акс. 1)
(35) (A->B)->((!B->(A->!B))) (M.P. 34,33)
(36) ((!B->(A->!B))->(!B->(!B->(A->!B)))) (Сх. акс. 1)
(37) (((!B->(A->!B))->(!B->(!B->(A->!B)))))->(((A->B))->(((!B->(A->!B))->(!B->(!B->(A->!B)))))) (Сх. акс. 1)
(38) (A->B)->(((!B->(A->!B))->(!B->(!B->(A->!B))))) (M.P. 37,36)
(39) ((A->B)->(!B->(A->!B)))->(((A->B)->((!B->(A->!B))->(!B->(!B->(A->!B)))))->((A->B)->(!B->(!B->(A->!B))))) (Сх. акс. 2)
(40) ((A->B)->(((!B->(A->!B))->(!B->(!B->(A->!B))))))->((A->B)->(!B->(!B->(A->!B)))) (M.P. 39,35)
(41) (A->B)->((!B->(!B->(A->!B)))) (M.P. 40,38)
(42) (!B->(!B->!B)) (Сх. акс. 1)
(43) ((!B->(!B->!B)))->(((A->B))->((!B->(!B->!B)))) (Сх. акс. 1)
(44) (A->B)->((!B->(!B->!B))) (M.P. 43,42)
(45) ((!B->(!B->!B))->((!B->((!B->!B)->!B))->(!B->!B))) (Сх. акс. 2)
(46) (((!B->(!B->!B))->((!B->((!B->!B)->!B))->(!B->!B))))->(((A->B))->(((!B->(!B->!B))->((!B->((!B->!B)->!B))->(!B->!B))))) (Сх. акс. 1)
(47) (A->B)->(((!B->(!B->!B))->((!B->((!B->!B)->!B))->(!B->!B)))) (M.P. 46,45)
(48) ((A->B)->(!B->(!B->!B)))->(((A->B)->((!B->(!B->!B))->((!B->((!B->!B)->!B))->(!B->!B))))->((A->B)->((!B->((!B->!B)->!B))->(!B->!B)))) (Сх. акс. 2)
(49) ((A->B)->(((!B->(!B->!B))->((!B->((!B->!B)->!B))->(!B->!B)))))->((A->B)->((!B->((!B->!B)->!B))->(!B->!B))) (M.P. 48,44)
(50) (A->B)->(((!B->((!B->!B)->!B))->(!B->!B))) (M.P. 49,47)
(51) (!B->((!B->!B)->!B)) (Сх. акс. 1)
(52) ((!B->((!B->!B)->!B)))->(((A->B))->((!B->((!B->!B)->!B)))) (Сх. акс. 1)
(53) (A->B)->((!B->((!B->!B)->!B))) (M.P. 52,51)
(54) ((A->B)->!B)->(((A->B)->(!B->(!B->!B)))->((A->B)->(!B->!B))) (Сх. акс. 2)
(55) ((A->B)->((!B->(!B->!B))))->((A->B)->(!B->!B)) (M.P. 54,3)
(56) (A->B)->((!B->!B)) (M.P. 55,44)
(57) ((!B->!B)->((!B->(!B->(A->!B)))->(!B->(A->!B)))) (Сх. акс. 2)
(58) (((!B->!B)->((!B->(!B->(A->!B)))->(!B->(A->!B)))))->(((A->B))->(((!B->!B)->((!B->(!B->(A->!B)))->(!B->(A->!B)))))) (Сх. акс. 1)
(59) (A->B)->(((!B->!B)->((!B->(!B->(A->!B)))->(!B->(A->!B))))) (M.P. 58,57)
(60) ((A->B)->(!B->!B))->(((A->B)->((!B->!B)->((!B->(!B->(A->!B)))->(!B->(A->!B)))))->((A->B)->((!B->(!B->(A->!B)))->(!B->(A->!B))))) (Сх. акс. 2)
(61) ((A->B)->(((!B->!B)->((!B->(!B->(A->!B)))->(!B->(A->!B))))))->((A->B)->((!B->(!B->(A->!B)))->(!B->(A->!B)))) (M.P. 60,56)
(62) (A->B)->(((!B->(!B->(A->!B)))->(!B->(A->!B)))) (M.P. 61,59)
(63) (!B->(A->!B)) (Сх. акс. 1)
(64) ((!B->(A->!B)))->(((A->B))->((!B->(A->!B)))) (Сх. акс. 1)
(65) (A->B)->((!B->(A->!B))) (M.P. 34,63)
(66) ((!B->(A->!B))->((!B->((A->!B)->!A))->(!B->!A))) (Сх. акс. 2)
(67) (((!B->(A->!B))->((!B->((A->!B)->!A))->(!B->!A))))->(((A->B))->(((!B->(A->!B))->((!B->((A->!B)->!A))->(!B->!A))))) (Сх. акс. 1)
(68) (A->B)->(((!B->(A->!B))->((!B->((A->!B)->!A))->(!B->!A)))) (M.P. 67,66)
(69) ((A->B)->(!B->(A->!B)))->(((A->B)->((!B->(A->!B))->((!B->((A->!B)->!A))->(!B->!A))))->((A->B)->((!B->((A->!B)->!A))->(!B->!A)))) (Сх. акс. 2)
(70) ((A->B)->(((!B->(A->!B))->((!B->((A->!B)->!A))->(!B->!A)))))->((A->B)->((!B->((A->!B)->!A))->(!B->!A))) (M.P. 69,65)
(71) (A->B)->(((!B->((A->!B)->!A))->(!B->!A))) (M.P. 70,68)
(72) ((A->B)->(!B->((A->!B)->!A)))->(((A->B)->((!B->((A->!B)->!A))->(!B->!A)))->((A->B)->(!B->!A))) (Сх. акс. 2)
(73) ((A->B)->(((!B->((A->!B)->!A))->(!B->!A))))->((A->B)->(!B->!A)) (M.P. 72,32)
(74) (A->B)->((!B->!A)) (M.P. 73,71)
